<?xml version="1.0" encoding="UTF-8"?>
<!-- Generated by org.testng.reporters.JUnitReportReporter -->
<testsuite hostname="Chotu-2" failures="0" tests="6" name="testlayer1.LOGINTEST" time="329.899" errors="0" timestamp="2022-02-01T12:24:24 EST" skipped="0">
  <testcase classname="testlayer1.LOGINTEST" name="Title" time="20.606"/>
  <system-out/>
  <testcase classname="testlayer1.LOGINTEST" name="signup" time="48.556"/>
  <system-out/>
  <testcase classname="testlayer1.LOGINTEST" name="signup" time="45.545"/>
  <system-out/>
  <testcase classname="testlayer1.LOGINTEST" name="signup" time="66.279"/>
  <system-out/>
  <testcase classname="testlayer1.LOGINTEST" name="signup" time="71.079"/>
  <system-out/>
  <testcase classname="testlayer1.LOGINTEST" name="login" time="77.834"/>
  <system-out/>
</testsuite> <!-- testlayer1.LOGINTEST -->
